<?xml version="1.0" encoding="UTF-8"?>
<!-- Generated by org.testng.reporters.JUnitReportReporter -->
<testsuite hostname="DESKTOP-5TRQ2HB" name="tests.CountTotalLinkInThePage" tests="1" failures="0" timestamp="20 Jul 2019 06:06:23 GMT" time="29.448" errors="0">
  <testcase name="countTotalLink" time="29.448" classname="tests.CountTotalLinkInThePage"/>
</testsuite> <!-- tests.CountTotalLinkInThePage -->
