<?xml version="1.0" encoding="UTF-8"?>
<!-- Generated by org.testng.reporters.JUnitReportReporter -->
<testsuite hostname="DESKTOP-5TRQ2HB" name="tests.CountTotalLinkInThePage" tests="1" failures="0" timestamp="23 Jul 2019 05:40:32 GMT" time="41.663" errors="0">
  <testcase name="countTotalLink" time="41.663" classname="tests.CountTotalLinkInThePage"/>
</testsuite> <!-- tests.CountTotalLinkInThePage -->
