<?xml version="1.0" encoding="UTF-8"?>
<!-- Generated by org.testng.reporters.JUnitReportReporter -->
<testsuite hostname="DESKTOP-5TRQ2HB" name="tests.VerifyUserLandedOnTheRightPage" tests="1" failures="0" timestamp="23 Jul 2019 05:40:32 GMT" time="9.969" errors="0">
  <testcase name="verifyPage" time="9.969" classname="tests.VerifyUserLandedOnTheRightPage"/>
</testsuite> <!-- tests.VerifyUserLandedOnTheRightPage -->
