<?xml version="1.0" encoding="UTF-8"?>
<!-- Generated by org.testng.reporters.JUnitReportReporter -->
<testsuite hostname="DESKTOP-5TRQ2HB" name="tests.VerifyWebsiteURL" tests="1" failures="0" timestamp="23 Jul 2019 05:40:32 GMT" time="11.092" errors="0">
  <testcase name="verifyURL" time="11.092" classname="tests.VerifyWebsiteURL"/>
</testsuite> <!-- tests.VerifyWebsiteURL -->
