<?xml version="1.0" encoding="UTF-8"?>
<!-- Generated by org.testng.reporters.JUnitReportReporter -->
<testsuite hostname="DESKTOP-5TRQ2HB" name="tests.VerifyWebsiteURL" tests="1" failures="0" timestamp="19 Jul 2019 21:54:38 GMT" time="13.277" errors="0">
  <testcase name="verifyURL" time="13.277" classname="tests.VerifyWebsiteURL"/>
</testsuite> <!-- tests.VerifyWebsiteURL -->
